[2024-02-16T18:55:06.738Z] INFO: Servidor en línea en el puerto 3000
[2024-02-16T18:55:12.417Z] DEBUG: Mensaje de debug
[2024-02-16T18:55:12.418Z] HTTP: Mensaje HTTP
[2024-02-16T18:55:12.418Z] INFO: Mensaje informativo
[2024-02-16T18:55:12.418Z] WARNING: Mensaje de advertencia
[2024-02-16T18:55:12.418Z] ERROR: Mensaje de error
[2024-02-16T18:55:14.251Z] DEBUG: Mensaje de debug
[2024-02-16T18:55:14.251Z] HTTP: Mensaje HTTP
[2024-02-16T18:55:14.251Z] INFO: Mensaje informativo
[2024-02-16T18:55:14.251Z] WARNING: Mensaje de advertencia
[2024-02-16T18:55:14.251Z] ERROR: Mensaje de error
[2024-02-16T18:56:24.734Z] INFO: Servidor en línea en el puerto 3000
[2024-02-16T18:56:28.593Z] INFO: Servidor en línea en el puerto 3000
[2024-02-16T18:56:29.203Z] DEBUG: Mensaje de debug
[2024-02-16T18:56:29.203Z] HTTP: Mensaje HTTP
[2024-02-16T18:56:29.203Z] INFO: Mensaje informativo
[2024-02-16T18:56:29.203Z] WARNING: Mensaje de advertencia
[2024-02-16T18:56:29.203Z] ERROR: Mensaje de error
[2024-02-16T18:57:01.252Z] DEBUG: Mensaje de debug
[2024-02-16T18:57:01.252Z] HTTP: Mensaje HTTP
[2024-02-16T18:57:01.252Z] INFO: Mensaje informativo
[2024-02-16T18:57:01.252Z] WARNING: Mensaje de advertencia
[2024-02-16T18:57:01.252Z] ERROR: Mensaje de error
[2024-02-16T18:57:04.077Z] DEBUG: Mensaje de debug
[2024-02-16T18:57:04.077Z] HTTP: Mensaje HTTP
[2024-02-16T18:57:04.078Z] INFO: Mensaje informativo
[2024-02-16T18:57:04.078Z] WARNING: Mensaje de advertencia
[2024-02-16T18:57:04.078Z] ERROR: Mensaje de error
[2024-02-16T18:57:15.578Z] DEBUG: Mensaje de debug
[2024-02-16T18:57:15.578Z] HTTP: Mensaje HTTP
[2024-02-16T18:57:15.578Z] INFO: Mensaje informativo
[2024-02-16T18:57:15.578Z] WARNING: Mensaje de advertencia
[2024-02-16T18:57:15.578Z] ERROR: Mensaje de error
[2024-02-16T18:57:19.461Z] DEBUG: Mensaje de debug
[2024-02-16T18:57:19.461Z] HTTP: Mensaje HTTP
[2024-02-16T18:57:19.461Z] INFO: Mensaje informativo
[2024-02-16T18:57:19.461Z] WARNING: Mensaje de advertencia
[2024-02-16T18:57:19.461Z] ERROR: Mensaje de error
[2024-02-16T18:57:26.452Z] DEBUG: Mensaje de debug
[2024-02-16T18:57:26.452Z] HTTP: Mensaje HTTP
[2024-02-16T18:57:26.452Z] INFO: Mensaje informativo
[2024-02-16T18:57:26.452Z] WARNING: Mensaje de advertencia
[2024-02-16T18:57:26.452Z] ERROR: Mensaje de error
[2024-02-16T19:18:26.320Z] INFO: db online
[2024-02-16T19:18:26.321Z] INFO: Servidor en línea en el puerto 3000
[2024-02-16T19:18:43.312Z] DEBUG: Mensaje de debug
[2024-02-16T19:18:43.313Z] HTTP: Mensaje HTTP
[2024-02-16T19:18:43.313Z] INFO: Mensaje informativo
[2024-02-16T19:18:43.313Z] WARNING: Mensaje de advertencia
[2024-02-16T19:18:43.313Z] ERROR: Mensaje de error
[2024-02-16T19:18:44.540Z] DEBUG: Mensaje de debug
[2024-02-16T19:18:44.540Z] HTTP: Mensaje HTTP
[2024-02-16T19:18:44.540Z] INFO: Mensaje informativo
[2024-02-16T19:18:44.540Z] WARNING: Mensaje de advertencia
[2024-02-16T19:18:44.540Z] ERROR: Mensaje de error
[2024-02-16T19:18:53.456Z] DEBUG: Mensaje de debug
[2024-02-16T19:18:53.456Z] HTTP: Mensaje HTTP
[2024-02-16T19:18:53.456Z] INFO: Mensaje informativo
[2024-02-16T19:18:53.456Z] WARNING: Mensaje de advertencia
[2024-02-16T19:18:53.456Z] ERROR: Mensaje de error
[2024-02-16T19:20:07.640Z] INFO: db online
[2024-02-16T19:20:07.642Z] INFO: Servidor en línea en el puerto 3000
[2024-02-16T19:20:13.802Z] INFO: Usuario leo@test.com conectado
[2024-02-16T19:20:21.617Z] INFO: Usuario desconectado
[2024-02-16T19:20:24.994Z] DEBUG: Mensaje de debug
[2024-02-16T19:20:24.994Z] HTTP: Mensaje HTTP
[2024-02-16T19:20:24.994Z] INFO: Mensaje informativo
[2024-02-16T19:20:24.994Z] WARNING: Mensaje de advertencia
[2024-02-16T19:20:24.995Z] ERROR: Mensaje de error
[2024-02-16T19:20:29.581Z] DEBUG: Mensaje de debug
[2024-02-16T19:20:29.582Z] HTTP: Mensaje HTTP
[2024-02-16T19:20:29.582Z] INFO: Mensaje informativo
[2024-02-16T19:20:29.582Z] WARNING: Mensaje de advertencia
[2024-02-16T19:20:29.583Z] ERROR: Mensaje de error
[2024-02-16T19:20:37.237Z] DEBUG: Mensaje de debug
[2024-02-16T19:20:37.238Z] HTTP: Mensaje HTTP
[2024-02-16T19:20:37.238Z] INFO: Mensaje informativo
[2024-02-16T19:20:37.238Z] WARNING: Mensaje de advertencia
[2024-02-16T19:20:37.238Z] ERROR: Mensaje de error
[2024-02-16T19:21:28.638Z] INFO: db online
[2024-02-16T19:21:28.640Z] INFO: Servidor en línea en el puerto 3000
[2024-02-16T19:21:31.143Z] DEBUG: Mensaje de debug
[2024-02-16T19:21:31.143Z] HTTP: Mensaje HTTP
[2024-02-16T19:21:31.144Z] INFO: Mensaje informativo
[2024-02-16T19:21:31.144Z] WARNING: Mensaje de advertencia
[2024-02-16T19:21:31.144Z] ERROR: Mensaje de error
[2024-02-16T19:24:53.899Z] INFO: db online
[2024-02-16T19:24:53.900Z] INFO: Servidor en línea en el puerto 3000
[2024-02-16T19:24:55.747Z] DEBUG: Mensaje de debug
[2024-02-16T19:24:55.748Z] HTTP: Mensaje HTTP
[2024-02-16T19:24:55.748Z] INFO: Mensaje informativo
[2024-02-16T19:24:59.957Z] DEBUG: Mensaje de debug
[2024-02-16T19:24:59.957Z] HTTP: Mensaje HTTP
[2024-02-16T19:24:59.957Z] INFO: Mensaje informativo
[2024-02-16T19:25:13.942Z] INFO: db online
[2024-02-16T19:25:13.944Z] INFO: Servidor en línea en el puerto 3000
[2024-02-16T19:25:18.594Z] DEBUG: Mensaje de debug
[2024-02-16T19:25:18.594Z] HTTP: Mensaje HTTP
[2024-02-16T19:25:18.595Z] INFO: Mensaje informativo
[2024-02-16T19:25:18.595Z] WARNING: Mensaje de advertencia
[2024-02-16T19:25:18.595Z] ERROR: Mensaje de error
[2024-02-26T20:54:32.577Z] INFO: db online
[2024-02-26T20:54:32.579Z] INFO: Servidor en línea en el puerto 3000
[2024-02-26T20:56:00.416Z] INFO: db online
[2024-02-26T20:56:00.419Z] INFO: Servidor en línea en el puerto 3000
[2024-02-26T20:56:32.425Z] INFO: db online
[2024-02-26T20:56:32.427Z] INFO: Servidor en línea en el puerto 3000
[2024-02-26T20:58:09.965Z] INFO: db online
[2024-02-26T20:58:09.968Z] INFO: Servidor en línea en el puerto 3000
[2024-02-26T20:58:16.116Z] INFO: db online
[2024-02-26T20:58:16.119Z] INFO: Servidor en línea en el puerto 3000
[2024-02-26T20:58:25.681Z] INFO: db online
[2024-02-26T20:58:25.684Z] INFO: Servidor en línea en el puerto 3000
[2024-02-26T21:01:01.800Z] INFO: db online
[2024-02-26T21:01:01.802Z] INFO: Servidor en línea en el puerto 3000
[2024-02-26T21:02:22.623Z] INFO: db online
[2024-02-26T21:02:22.626Z] INFO: Servidor en línea en el puerto 3000
[2024-02-26T21:03:36.223Z] INFO: db online
[2024-02-26T21:03:36.225Z] INFO: Servidor en línea en el puerto 3000
[2024-02-26T21:07:50.099Z] INFO: db online
[2024-02-26T21:07:50.101Z] INFO: Servidor en línea en el puerto 3000
[2024-02-26T21:07:55.030Z] INFO: db online
[2024-02-26T21:07:55.033Z] INFO: Servidor en línea en el puerto 3000
[2024-02-26T21:08:58.760Z] INFO: db online
[2024-02-26T21:08:58.762Z] INFO: Servidor en línea en el puerto 3000
[2024-02-26T21:12:37.726Z] INFO: db online
[2024-02-26T21:12:37.728Z] INFO: Servidor en línea en el puerto 3000
[2024-02-26T21:13:56.646Z] INFO: db online
[2024-02-26T21:13:56.648Z] INFO: Servidor en línea en el puerto 3000
[2024-02-26T21:14:17.525Z] INFO: db online
[2024-02-26T21:14:17.527Z] INFO: Servidor en línea en el puerto 3000
[2024-02-26T21:14:26.205Z] INFO: db online
[2024-02-26T21:14:26.207Z] INFO: Servidor en línea en el puerto 3000
[2024-02-26T21:15:04.563Z] INFO: db online
[2024-02-26T21:15:04.566Z] INFO: Servidor en línea en el puerto 3000
[2024-02-26T21:15:30.847Z] INFO: db online
[2024-02-26T21:15:30.849Z] INFO: Servidor en línea en el puerto 3000
[2024-02-26T21:19:22.286Z] INFO: db online
[2024-02-26T21:19:22.288Z] INFO: Servidor en línea en el puerto 3000
[2024-02-26T21:19:27.820Z] INFO: db online
[2024-02-26T21:19:27.823Z] INFO: Servidor en línea en el puerto 3000
[2024-02-26T21:19:46.447Z] INFO: db online
[2024-02-26T21:19:46.449Z] INFO: Servidor en línea en el puerto 3000
[2024-02-26T21:19:57.142Z] INFO: db online
[2024-02-26T21:19:57.144Z] INFO: Servidor en línea en el puerto 3000
[2024-02-26T21:21:06.813Z] INFO: db online
[2024-02-26T21:21:06.816Z] INFO: Servidor en línea en el puerto 3000
[2024-02-26T21:21:16.711Z] INFO: db online
[2024-02-26T21:21:16.713Z] INFO: Servidor en línea en el puerto 3000
[2024-02-26T21:21:31.333Z] INFO: db online
[2024-02-26T21:21:31.335Z] INFO: Servidor en línea en el puerto 3000
[2024-02-26T21:24:15.279Z] INFO: db online
[2024-02-26T21:24:15.282Z] INFO: Servidor en línea en el puerto 3000
[2024-02-26T21:33:20.387Z] INFO: db online
[2024-02-26T21:33:20.389Z] INFO: Servidor en línea en el puerto 3000
[2024-02-26T21:33:39.315Z] INFO: db online
[2024-02-26T21:33:39.318Z] INFO: Servidor en línea en el puerto 3000
[2024-02-26T21:34:03.812Z] INFO: db online
[2024-02-26T21:34:03.814Z] INFO: Servidor en línea en el puerto 3000
[2024-02-26T21:35:36.781Z] INFO: db online
[2024-02-26T21:35:36.783Z] INFO: Servidor en línea en el puerto 3000
[2024-02-26T21:36:11.647Z] INFO: db online
[2024-02-26T21:36:11.649Z] INFO: Servidor en línea en el puerto 3000
[2024-02-26T21:37:50.272Z] INFO: db online
[2024-02-26T21:37:50.274Z] INFO: Servidor en línea en el puerto 3000
[2024-02-26T21:37:53.357Z] INFO: db online
[2024-02-26T21:37:53.359Z] INFO: Servidor en línea en el puerto 3000
[2024-02-26T21:38:26.101Z] INFO: db online
[2024-02-26T21:38:26.103Z] INFO: Servidor en línea en el puerto 3000
[2024-02-26T21:39:17.323Z] INFO: db online
[2024-02-26T21:39:17.326Z] INFO: Servidor en línea en el puerto 3000
[2024-02-26T21:39:44.050Z] INFO: db online
[2024-02-26T21:39:44.052Z] INFO: Servidor en línea en el puerto 3000
[2024-02-26T21:41:23.340Z] INFO: db online
[2024-02-26T21:41:23.343Z] INFO: Servidor en línea en el puerto 3000
[2024-02-26T22:02:30.292Z] INFO: db online
[2024-02-26T22:02:30.294Z] INFO: Servidor en línea en el puerto 3000
[2024-02-26T22:03:32.347Z] INFO: db online
[2024-02-26T22:03:32.350Z] INFO: Servidor en línea en el puerto 3000
[2024-02-26T22:04:13.258Z] INFO: db online
[2024-02-26T22:04:13.260Z] INFO: Servidor en línea en el puerto 3000
[2024-02-26T22:15:20.943Z] INFO: db online
[2024-02-26T22:15:20.946Z] INFO: Servidor en línea en el puerto 3000
[2024-02-26T22:15:40.568Z] INFO: db online
[2024-02-26T22:15:40.571Z] INFO: Servidor en línea en el puerto 3000
[2024-02-26T22:17:10.897Z] INFO: db online
[2024-02-26T22:17:10.900Z] INFO: Servidor en línea en el puerto 3000
[2024-02-26T22:17:36.884Z] INFO: db online
[2024-02-26T22:17:36.886Z] INFO: Servidor en línea en el puerto 3000
[2024-02-26T22:22:26.706Z] INFO: db online
[2024-02-26T22:22:26.708Z] INFO: Servidor en línea en el puerto 3000
[2024-02-26T22:24:25.204Z] INFO: db online
[2024-02-26T22:24:25.206Z] INFO: Servidor en línea en el puerto 3000
[2024-02-26T22:26:14.005Z] INFO: db online
[2024-02-26T22:26:14.008Z] INFO: Servidor en línea en el puerto 3000
[2024-02-26T22:27:50.439Z] INFO: db online
[2024-02-26T22:27:50.442Z] INFO: Servidor en línea en el puerto 3000
[2024-02-26T22:28:12.721Z] INFO: db online
[2024-02-26T22:28:12.723Z] INFO: Servidor en línea en el puerto 3000
[2024-02-26T22:29:38.433Z] INFO: db online
[2024-02-26T22:29:38.436Z] INFO: Servidor en línea en el puerto 3000
[2024-02-27T22:34:38.488Z] INFO: db online
[2024-02-27T22:34:38.491Z] INFO: Servidor en línea en el puerto 3000
[2024-02-27T22:40:20.747Z] INFO: db online
[2024-02-27T22:40:20.749Z] INFO: Servidor en línea en el puerto 3000
[2024-02-27T22:41:39.346Z] INFO: db online
[2024-02-27T22:41:39.348Z] INFO: Servidor en línea en el puerto 3000
[2024-02-27T22:42:22.512Z] INFO: db online
[2024-02-27T22:42:22.514Z] INFO: Servidor en línea en el puerto 3000
[2024-02-27T22:45:19.306Z] INFO: db online
[2024-02-27T22:45:19.308Z] INFO: Servidor en línea en el puerto 3000
[2024-02-27T22:45:41.840Z] INFO: db online
[2024-02-27T22:45:41.844Z] INFO: Servidor en línea en el puerto 3000
[2024-02-27T22:45:45.215Z] INFO: db online
[2024-02-27T22:45:45.217Z] INFO: Servidor en línea en el puerto 3000
[2024-02-27T22:47:21.639Z] INFO: db online
[2024-02-27T22:47:21.641Z] INFO: Servidor en línea en el puerto 3000
[2024-02-27T22:48:04.955Z] INFO: db online
[2024-02-27T22:48:04.957Z] INFO: Servidor en línea en el puerto 3000
[2024-02-27T22:51:16.854Z] INFO: db online
[2024-02-27T22:51:16.857Z] INFO: Servidor en línea en el puerto 3000
[2024-02-27T22:51:31.938Z] INFO: db online
[2024-02-27T22:51:31.940Z] INFO: Servidor en línea en el puerto 3000
[2024-02-27T22:52:23.016Z] INFO: db online
[2024-02-27T22:52:23.018Z] INFO: Servidor en línea en el puerto 3000
[2024-02-27T22:52:37.795Z] INFO: db online
[2024-02-27T22:52:37.797Z] INFO: Servidor en línea en el puerto 3000
[2024-02-27T22:53:32.249Z] INFO: db online
[2024-02-27T22:53:32.251Z] INFO: Servidor en línea en el puerto 3000
[2024-02-27T22:53:42.366Z] INFO: db online
[2024-02-27T22:53:42.368Z] INFO: Servidor en línea en el puerto 3000
[2024-02-27T22:54:15.941Z] INFO: db online
[2024-02-27T22:54:15.943Z] INFO: Servidor en línea en el puerto 3000
[2024-02-27T22:54:19.943Z] ERROR: error, usuario no encontrado
[2024-02-27T22:54:25.708Z] ERROR: error, usuario no encontrado
[2024-02-27T22:54:34.822Z] ERROR: error, usuario no encontrado
[2024-02-27T22:58:39.250Z] INFO: db online
[2024-02-27T22:58:39.252Z] INFO: Servidor en línea en el puerto 3000
[2024-02-27T22:58:56.681Z] INFO: db online
[2024-02-27T22:58:56.683Z] INFO: Servidor en línea en el puerto 3000
[2024-02-27T22:59:01.302Z] ERROR: error, usuario no encontrado
[2024-02-27T23:00:53.644Z] INFO: db online
[2024-02-27T23:00:53.647Z] INFO: Servidor en línea en el puerto 3000
[2024-02-27T23:02:13.855Z] INFO: db online
[2024-02-27T23:02:13.858Z] INFO: Servidor en línea en el puerto 3000
[2024-02-27T23:03:00.653Z] INFO: db online
[2024-02-27T23:03:00.656Z] INFO: Servidor en línea en el puerto 3000
[2024-02-27T23:03:54.340Z] INFO: db online
[2024-02-27T23:03:54.342Z] INFO: Servidor en línea en el puerto 3000
[2024-02-27T23:04:02.101Z] INFO: db online
[2024-02-27T23:04:02.103Z] INFO: Servidor en línea en el puerto 3000
[2024-02-27T23:05:33.968Z] INFO: db online
[2024-02-27T23:05:33.970Z] INFO: Servidor en línea en el puerto 3000
[2024-02-27T23:08:04.975Z] INFO: db online
[2024-02-27T23:08:04.977Z] INFO: Servidor en línea en el puerto 3000
[2024-02-27T23:08:38.332Z] INFO: db online
[2024-02-27T23:08:38.334Z] INFO: Servidor en línea en el puerto 3000
[2024-02-27T23:08:55.486Z] INFO: db online
[2024-02-27T23:08:55.488Z] INFO: Servidor en línea en el puerto 3000
[2024-02-27T23:19:13.914Z] INFO: db online
[2024-02-27T23:19:13.917Z] INFO: Servidor en línea en el puerto 3000
[2024-02-27T23:21:57.007Z] INFO: db online
[2024-02-27T23:21:57.009Z] INFO: Servidor en línea en el puerto 3000
[2024-02-27T23:22:02.432Z] INFO: revisa tu casilla de eMail
[2024-02-27T23:22:30.285Z] INFO: db online
[2024-02-27T23:22:30.287Z] INFO: Servidor en línea en el puerto 3000
[2024-02-27T23:22:43.513Z] INFO: db online
[2024-02-27T23:22:43.515Z] INFO: Servidor en línea en el puerto 3000
[2024-02-27T23:22:48.079Z] INFO: revisa tu casilla de eMail
[2024-02-27T23:26:51.427Z] INFO: db online
[2024-02-27T23:26:51.430Z] INFO: Servidor en línea en el puerto 3000
[2024-02-27T23:27:33.291Z] INFO: db online
[2024-02-27T23:27:33.294Z] INFO: Servidor en línea en el puerto 3000
[2024-02-27T23:27:57.099Z] INFO: revisa tu casilla de eMail
[2024-02-27T23:28:23.300Z] INFO: db online
[2024-02-27T23:28:23.302Z] INFO: Servidor en línea en el puerto 3000
[2024-02-27T23:28:27.897Z] INFO: revisa tu casilla de eMail
[2024-02-27T23:28:36.994Z] INFO: db online
[2024-02-27T23:28:36.996Z] INFO: Servidor en línea en el puerto 3000
[2024-02-27T23:29:14.369Z] INFO: revisa tu casilla de eMail
[2024-02-27T23:29:42.028Z] INFO: db online
[2024-02-27T23:29:42.030Z] INFO: Servidor en línea en el puerto 3000
[2024-02-27T23:30:24.199Z] INFO: db online
[2024-02-27T23:30:24.201Z] INFO: Servidor en línea en el puerto 3000
[2024-02-27T23:30:32.906Z] INFO: revisa tu casilla de eMail
[2024-02-27T23:31:24.262Z] INFO: db online
[2024-02-27T23:31:24.264Z] INFO: Servidor en línea en el puerto 3000
[2024-02-27T23:32:14.045Z] INFO: db online
[2024-02-27T23:32:14.047Z] INFO: Servidor en línea en el puerto 3000
[2024-02-27T23:33:16.907Z] INFO: revisa tu casilla de eMail
[2024-02-27T23:34:26.410Z] INFO: db online
[2024-02-27T23:34:26.412Z] INFO: Servidor en línea en el puerto 3000
[2024-02-27T23:34:52.227Z] INFO: revisa tu casilla de eMail
[2024-02-27T23:36:12.163Z] INFO: db online
[2024-02-27T23:36:12.165Z] INFO: Servidor en línea en el puerto 3000
[2024-02-27T23:36:19.691Z] INFO: revisa tu casilla de eMail
[2024-02-27T23:36:44.974Z] INFO: db online
[2024-02-27T23:36:44.976Z] INFO: Servidor en línea en el puerto 3000
[2024-02-27T23:36:58.563Z] INFO: db online
[2024-02-27T23:36:58.565Z] INFO: Servidor en línea en el puerto 3000
[2024-02-27T23:37:08.626Z] INFO: revisa tu casilla de eMail
[2024-02-27T23:37:51.048Z] INFO: db online
[2024-02-27T23:37:51.050Z] INFO: Servidor en línea en el puerto 3000
[2024-02-27T23:37:54.277Z] INFO: revisa tu casilla de eMail
[2024-02-27T23:41:43.247Z] INFO: db online
[2024-02-27T23:41:43.250Z] INFO: Servidor en línea en el puerto 3000
[2024-02-27T23:43:18.252Z] INFO: revisa tu casilla de eMail
[2024-02-27T23:44:30.894Z] INFO: db online
[2024-02-27T23:44:30.896Z] INFO: Servidor en línea en el puerto 3000
[2024-02-27T23:44:38.033Z] INFO: revisa tu casilla de eMail
[2024-02-27T23:45:07.989Z] INFO: db online
[2024-02-27T23:45:07.992Z] INFO: Servidor en línea en el puerto 3000
[2024-02-27T23:45:11.806Z] INFO: revisa tu casilla de eMail
[2024-02-27T23:45:36.215Z] INFO: db online
[2024-02-27T23:45:36.217Z] INFO: Servidor en línea en el puerto 3000
[2024-02-27T23:45:43.451Z] INFO: db online
[2024-02-27T23:45:43.453Z] INFO: Servidor en línea en el puerto 3000
[2024-02-27T23:46:01.167Z] INFO: db online
[2024-02-27T23:46:01.169Z] INFO: Servidor en línea en el puerto 3000
[2024-02-27T23:46:03.493Z] INFO: revisa tu casilla de eMail
[2024-02-27T23:46:18.794Z] INFO: db online
[2024-02-27T23:46:18.796Z] INFO: Servidor en línea en el puerto 3000
[2024-02-27T23:46:42.882Z] INFO: db online
[2024-02-27T23:46:42.884Z] INFO: Servidor en línea en el puerto 3000
[2024-02-27T23:47:03.190Z] INFO: db online
[2024-02-27T23:47:03.193Z] INFO: Servidor en línea en el puerto 3000
[2024-02-27T23:47:07.961Z] INFO: revisa tu casilla de eMail
[2024-02-27T23:47:24.496Z] INFO: db online
[2024-02-27T23:47:24.498Z] INFO: Servidor en línea en el puerto 3000
[2024-02-27T23:48:20.475Z] INFO: db online
[2024-02-27T23:48:20.477Z] INFO: Servidor en línea en el puerto 3000
[2024-02-27T23:51:54.451Z] INFO: db online
[2024-02-27T23:51:54.453Z] INFO: Servidor en línea en el puerto 3000
[2024-02-27T23:52:33.480Z] INFO: db online
[2024-02-27T23:52:33.483Z] INFO: Servidor en línea en el puerto 3000
[2024-02-27T23:52:36.938Z] INFO: revisa tu casilla de eMail
[2024-02-27T23:54:14.214Z] INFO: db online
[2024-02-27T23:54:14.216Z] INFO: Servidor en línea en el puerto 3000
[2024-02-27T23:54:17.747Z] INFO: revisa tu casilla de eMail
[2024-02-27T23:55:04.799Z] INFO: db online
[2024-02-27T23:55:04.802Z] INFO: Servidor en línea en el puerto 3000
[2024-02-27T23:55:29.920Z] INFO: revisa tu casilla de eMail
[2024-02-27T23:56:17.117Z] INFO: db online
[2024-02-27T23:56:17.119Z] INFO: Servidor en línea en el puerto 3000
[2024-02-27T23:56:54.222Z] INFO: db online
[2024-02-27T23:56:54.225Z] INFO: Servidor en línea en el puerto 3000
[2024-02-27T23:56:59.386Z] INFO: db online
[2024-02-27T23:56:59.388Z] INFO: Servidor en línea en el puerto 3000
[2024-02-27T23:57:05.292Z] INFO: revisa tu casilla de eMail
[2024-02-27T23:57:17.675Z] INFO: db online
[2024-02-27T23:57:17.677Z] INFO: Servidor en línea en el puerto 3000
[2024-02-27T23:57:20.982Z] INFO: revisa tu casilla de eMail
[2024-02-27T23:57:40.208Z] INFO: db online
[2024-02-27T23:57:40.211Z] INFO: Servidor en línea en el puerto 3000
[2024-02-27T23:57:41.027Z] INFO: revisa tu casilla de eMail
[2024-02-27T23:58:20.441Z] INFO: db online
[2024-02-27T23:58:20.443Z] INFO: Servidor en línea en el puerto 3000
[2024-02-27T23:58:27.090Z] INFO: revisa tu casilla de eMail
[2024-02-27T23:59:26.315Z] INFO: db online
[2024-02-27T23:59:26.317Z] INFO: Servidor en línea en el puerto 3000
[2024-02-27T23:59:29.024Z] INFO: revisa tu casilla de eMail
[2024-02-28T00:00:10.822Z] INFO: db online
[2024-02-28T00:00:10.824Z] INFO: Servidor en línea en el puerto 3000
[2024-02-28T00:00:16.210Z] INFO: revisa tu casilla de eMail
[2024-02-28T00:00:33.002Z] INFO: db online
[2024-02-28T00:00:33.004Z] INFO: Servidor en línea en el puerto 3000
[2024-02-28T00:00:37.593Z] INFO: revisa tu casilla de eMail
[2024-02-28T00:00:54.331Z] INFO: revisa tu casilla de eMail
[2024-02-28T00:01:03.648Z] INFO: revisa tu casilla de eMail
[2024-02-28T00:01:08.845Z] INFO: revisa tu casilla de eMail
[2024-02-28T00:01:33.927Z] INFO: revisa tu casilla de eMail
[2024-02-28T00:01:37.911Z] INFO: revisa tu casilla de eMail
[2024-02-28T00:01:53.835Z] INFO: db online
[2024-02-28T00:01:53.838Z] INFO: Servidor en línea en el puerto 3000
[2024-02-28T00:02:38.605Z] INFO: db online
[2024-02-28T00:02:38.607Z] INFO: Servidor en línea en el puerto 3000
[2024-02-28T00:02:41.512Z] INFO: eMail con restablecer contraseña enviado.
[2024-02-28T00:03:19.706Z] INFO: eMail con restablecer contraseña enviado.
[2024-02-28T00:03:58.378Z] INFO: eMail con restablecer contraseña enviado.
[2024-02-28T00:04:04.706Z] INFO: eMail con restablecer contraseña enviado.
[2024-02-28T00:04:18.565Z] INFO: eMail con restablecer contraseña enviado.
[2024-02-28T00:04:34.943Z] INFO: eMail con restablecer contraseña enviado.
[2024-02-28T00:04:38.507Z] INFO: eMail con restablecer contraseña enviado.
[2024-02-28T00:04:44.240Z] INFO: eMail con restablecer contraseña enviado.
[2024-02-28T00:04:49.157Z] INFO: eMail con restablecer contraseña enviado.
[2024-02-28T00:04:56.252Z] INFO: eMail con restablecer contraseña enviado.
[2024-02-28T00:05:26.246Z] INFO: eMail con restablecer contraseña enviado.
[2024-02-28T00:06:14.856Z] INFO: eMail con restablecer contraseña enviado.
[2024-02-28T00:10:47.523Z] INFO: db online
[2024-02-28T00:10:47.525Z] INFO: Servidor en línea en el puerto 3000
[2024-02-28T00:11:58.897Z] INFO: db online
[2024-02-28T00:11:58.900Z] INFO: Servidor en línea en el puerto 3000
[2024-02-28T00:12:09.039Z] INFO: db online
[2024-02-28T00:12:09.042Z] INFO: Servidor en línea en el puerto 3000
[2024-02-28T00:12:18.435Z] INFO: db online
[2024-02-28T00:12:18.438Z] INFO: Servidor en línea en el puerto 3000
[2024-02-28T00:12:24.176Z] INFO: eMail con restablecer contraseña enviado.
[2024-02-28T00:14:26.041Z] INFO: eMail con restablecer contraseña enviado.
[2024-02-28T00:14:29.073Z] ERROR: error, usuario no encontrado
[2024-02-28T00:14:37.312Z] INFO: eMail con restablecer contraseña enviado.
[2024-02-28T00:14:40.717Z] ERROR: error, usuario no encontrado
[2024-02-28T00:14:53.411Z] INFO: eMail con restablecer contraseña enviado.
[2024-02-28T00:14:56.317Z] ERROR: error, usuario no encontrado
[2024-02-28T00:15:57.710Z] INFO: eMail con restablecer contraseña enviado.
[2024-02-28T00:16:22.760Z] ERROR: error, usuario no encontrado
[2024-02-28T00:16:35.493Z] INFO: eMail con restablecer contraseña enviado.
[2024-02-28T00:17:39.191Z] ERROR: error, usuario no encontrado
[2024-02-28T00:17:54.867Z] INFO: db online
[2024-02-28T00:17:54.869Z] INFO: Servidor en línea en el puerto 3000
[2024-02-28T00:17:55.758Z] ERROR: error, usuario no encontrado
[2024-02-28T00:17:58.898Z] INFO: eMail con restablecer contraseña enviado.
[2024-02-28T00:18:00.537Z] ERROR: error, usuario no encontrado
[2024-02-28T00:18:05.193Z] INFO: eMail con restablecer contraseña enviado.
[2024-02-28T00:18:06.385Z] ERROR: error, usuario no encontrado
[2024-02-28T00:18:18.103Z] INFO: db online
[2024-02-28T00:18:18.106Z] INFO: Servidor en línea en el puerto 3000
[2024-02-28T00:18:37.598Z] INFO: eMail con restablecer contraseña enviado.
[2024-02-28T00:20:11.439Z] INFO: db online
[2024-02-28T00:20:11.441Z] INFO: Servidor en línea en el puerto 3000
[2024-02-28T00:20:32.592Z] INFO: eMail con restablecer contraseña enviado.
[2024-02-28T00:20:56.920Z] INFO: db online
[2024-02-28T00:20:56.922Z] INFO: Servidor en línea en el puerto 3000
[2024-02-28T00:21:03.388Z] INFO: eMail con restablecer contraseña enviado.
[2024-02-28T00:21:23.816Z] INFO: db online
[2024-02-28T00:21:23.818Z] INFO: Servidor en línea en el puerto 3000
[2024-02-28T00:21:47.067Z] INFO: db online
[2024-02-28T00:21:47.070Z] INFO: Servidor en línea en el puerto 3000
[2024-02-28T00:21:47.835Z] INFO: eMail con restablecer contraseña enviado.
[2024-02-28T00:22:04.758Z] INFO: eMail con restablecer contraseña enviado.
[2024-02-28T00:23:05.462Z] INFO: db online
[2024-02-28T00:23:05.464Z] INFO: Servidor en línea en el puerto 3000
[2024-02-28T00:23:30.185Z] INFO: db online
[2024-02-28T00:23:30.188Z] INFO: Servidor en línea en el puerto 3000
[2024-02-28T00:23:40.223Z] INFO: db online
[2024-02-28T00:23:40.226Z] INFO: Servidor en línea en el puerto 3000
[2024-02-28T00:24:14.655Z] INFO: db online
[2024-02-28T00:24:14.658Z] INFO: Servidor en línea en el puerto 3000
[2024-02-28T00:24:17.394Z] INFO: eMail con restablecer contraseña enviado.
[2024-02-28T00:24:36.199Z] INFO: db online
[2024-02-28T00:24:36.201Z] INFO: Servidor en línea en el puerto 3000
[2024-02-28T00:24:37.565Z] ERROR: error, usuario no encontrado
[2024-02-28T00:25:23.756Z] INFO: db online
[2024-02-28T00:25:23.758Z] INFO: Servidor en línea en el puerto 3000
[2024-02-28T00:25:28.675Z] INFO: eMail con restablecer contraseña enviado.
[2024-02-28T00:25:33.679Z] INFO: eMail con restablecer contraseña enviado.
[2024-02-28T00:25:47.775Z] INFO: db online
[2024-02-28T00:25:47.778Z] INFO: Servidor en línea en el puerto 3000
[2024-02-28T00:25:56.659Z] INFO: eMail con restablecer contraseña enviado.
[2024-02-28T00:26:00.770Z] INFO: eMail con restablecer contraseña enviado.
[2024-02-28T00:26:27.451Z] INFO: db online
[2024-02-28T00:26:27.453Z] INFO: Servidor en línea en el puerto 3000
[2024-02-28T00:26:31.656Z] INFO: eMail con restablecer contraseña enviado.
[2024-02-28T00:26:34.998Z] INFO: eMail con restablecer contraseña enviado.
[2024-02-28T00:26:34.999Z] INFO: correcto, se ha cambiado la contraseña
[2024-02-28T00:27:26.616Z] INFO: db online
[2024-02-28T00:27:26.618Z] INFO: Servidor en línea en el puerto 3000
[2024-02-28T00:28:00.366Z] INFO: db online
[2024-02-28T00:28:00.368Z] INFO: Servidor en línea en el puerto 3000
[2024-02-28T00:28:04.205Z] INFO: eMail con restablecer contraseña enviado.
[2024-02-28T00:28:08.521Z] ERROR: Error al actualizar la contraseña generarNuevoToken is not defined
[2024-02-28T00:28:39.745Z] INFO: db online
[2024-02-28T00:28:39.747Z] INFO: Servidor en línea en el puerto 3000
[2024-02-28T00:28:40.808Z] INFO: eMail con restablecer contraseña enviado.
[2024-02-28T00:28:40.809Z] INFO: Correcto, se ha cambiado la contraseña
[2024-02-28T00:29:18.684Z] INFO: db online
[2024-02-28T00:29:18.687Z] INFO: Servidor en línea en el puerto 3000
[2024-02-28T00:30:13.453Z] INFO: db online
[2024-02-28T00:30:13.455Z] INFO: Servidor en línea en el puerto 3000
[2024-02-28T00:30:16.729Z] INFO: eMail con restablecer contraseña enviado.
[2024-02-28T00:30:20.889Z] ERROR: Error al actualizar la contraseña saltRounds is not defined
[2024-02-28T00:30:39.053Z] ERROR: Error al actualizar la contraseña saltRounds is not defined
[2024-02-28T00:31:03.045Z] INFO: db online
[2024-02-28T00:31:03.047Z] INFO: Servidor en línea en el puerto 3000
[2024-02-28T00:31:09.314Z] INFO: eMail con restablecer contraseña enviado.
[2024-02-28T00:31:12.663Z] ERROR: Error al actualizar la contraseña data and salt arguments required
[2024-02-28T00:31:23.368Z] INFO: db online
[2024-02-28T00:31:23.370Z] INFO: Servidor en línea en el puerto 3000
[2024-02-28T00:31:25.641Z] INFO: eMail con restablecer contraseña enviado.
[2024-02-28T00:31:31.712Z] INFO: eMail con restablecer contraseña enviado.
[2024-02-28T00:31:31.714Z] INFO: Correcto, se ha cambiado la contraseña
[2024-02-28T00:57:47.968Z] INFO: db online
[2024-02-28T00:57:47.970Z] INFO: Servidor en línea en el puerto 3000
[2024-02-28T00:57:57.972Z] INFO: eMail con restablecer contraseña enviado.
[2024-02-28T00:58:04.913Z] INFO: eMail con restablecer contraseña enviado.
[2024-02-28T00:58:04.914Z] INFO: Correcto, se ha cambiado la contraseña
[2024-02-28T00:59:12.865Z] INFO: db online
[2024-02-28T00:59:12.867Z] INFO: Servidor en línea en el puerto 3000
[2024-02-28T00:59:17.055Z] INFO: eMail con restablecer contraseña enviado.
[2024-02-28T00:59:23.383Z] ERROR: Error al actualizar la contraseña data and salt arguments required
[2024-02-28T00:59:38.885Z] INFO: db online
[2024-02-28T00:59:38.888Z] INFO: Servidor en línea en el puerto 3000
[2024-02-28T00:59:42.874Z] INFO: eMail con restablecer contraseña enviado.
[2024-02-28T00:59:45.842Z] ERROR: Error al actualizar la contraseña data and salt arguments required
[2024-02-28T01:00:00.589Z] INFO: db online
[2024-02-28T01:00:00.591Z] INFO: Servidor en línea en el puerto 3000
[2024-02-28T01:00:32.552Z] INFO: db online
[2024-02-28T01:00:32.554Z] INFO: Servidor en línea en el puerto 3000
[2024-02-28T01:00:36.852Z] INFO: eMail con restablecer contraseña enviado.
[2024-02-28T01:00:44.525Z] ERROR: Error al actualizar la contraseña contraseña is not defined
[2024-02-28T01:01:08.312Z] INFO: db online
[2024-02-28T01:01:08.314Z] INFO: Servidor en línea en el puerto 3000
[2024-02-28T01:01:17.734Z] INFO: eMail con restablecer contraseña enviado.
[2024-02-28T01:01:22.783Z] ERROR: Error al actualizar la contraseña saltRoulds is not defined
[2024-02-28T01:01:38.938Z] INFO: db online
[2024-02-28T01:01:38.940Z] INFO: Servidor en línea en el puerto 3000
[2024-02-28T01:02:30.128Z] INFO: db online
[2024-02-28T01:02:30.131Z] INFO: Servidor en línea en el puerto 3000
[2024-02-28T01:02:33.035Z] INFO: eMail con restablecer contraseña enviado.
[2024-02-28T01:02:38.748Z] ERROR: Error al actualizar la contraseña saltRounds is not defined
[2024-02-28T01:03:03.416Z] INFO: db online
[2024-02-28T01:03:03.419Z] INFO: Servidor en línea en el puerto 3000
[2024-02-28T01:03:06.630Z] INFO: eMail con restablecer contraseña enviado.
[2024-02-28T01:03:09.499Z] ERROR: Error al actualizar la contraseña saltRounds is not defined
[2024-02-28T01:03:21.771Z] INFO: db online
[2024-02-28T01:03:21.773Z] INFO: Servidor en línea en el puerto 3000
[2024-02-28T01:03:44.958Z] INFO: eMail con restablecer contraseña enviado.
[2024-02-28T01:03:49.080Z] INFO: eMail con restablecer contraseña enviado.
[2024-02-28T01:03:49.082Z] INFO: Correcto, se ha cambiado la contraseña
[2024-02-28T01:03:59.102Z] INFO: eMail con restablecer contraseña enviado.
[2024-02-28T01:04:02.703Z] INFO: eMail con restablecer contraseña enviado.
[2024-02-28T01:04:02.703Z] INFO: Correcto, se ha cambiado la contraseña
[2024-02-28T01:04:28.798Z] INFO: eMail con restablecer contraseña enviado.
[2024-02-28T01:04:32.827Z] INFO: eMail con restablecer contraseña enviado.
[2024-02-28T01:04:32.829Z] INFO: Correcto, se ha cambiado la contraseña
[2024-02-28T01:04:45.977Z] INFO: eMail con restablecer contraseña enviado.
[2024-02-28T01:04:50.991Z] INFO: eMail con restablecer contraseña enviado.
[2024-02-28T01:04:50.992Z] INFO: Correcto, se ha cambiado la contraseña
[2024-02-28T01:05:59.013Z] INFO: eMail con restablecer contraseña enviado.
[2024-02-28T01:06:04.728Z] INFO: eMail con restablecer contraseña enviado.
[2024-02-28T01:06:04.729Z] INFO: Correcto, se ha cambiado la contraseña
[2024-02-28T01:06:16.431Z] INFO: eMail con restablecer contraseña enviado.
[2024-02-28T01:06:19.643Z] INFO: eMail con restablecer contraseña enviado.
[2024-02-28T01:06:19.644Z] INFO: Correcto, se ha cambiado la contraseña
[2024-02-28T01:07:17.675Z] INFO: db online
[2024-02-28T01:07:17.678Z] INFO: Servidor en línea en el puerto 3000
[2024-02-28T01:07:52.802Z] INFO: db online
[2024-02-28T01:07:52.805Z] INFO: Servidor en línea en el puerto 3000
[2024-02-28T01:08:58.359Z] INFO: db online
[2024-02-28T01:08:58.362Z] INFO: Servidor en línea en el puerto 3000
[2024-02-28T01:09:18.399Z] INFO: db online
[2024-02-28T01:09:18.401Z] INFO: Servidor en línea en el puerto 3000
[2024-02-28T01:10:16.381Z] INFO: db online
[2024-02-28T01:10:16.384Z] INFO: Servidor en línea en el puerto 3000
[2024-02-28T01:10:23.660Z] ERROR: Error al enviar el correo electrónico: Invalid login: 534-5.7.9 Application-specific password required. For more information, go to
534 5.7.9  https://support.google.com/mail/?p=InvalidSecondFactor hy6-20020a056a006a0600b006e54423e006sm2623652pfb.179 - gsmtp
[2024-02-28T01:11:08.221Z] INFO: db online
[2024-02-28T01:11:08.224Z] INFO: Servidor en línea en el puerto 3000
[2024-02-28T01:11:20.822Z] ERROR: Error al enviar el correo electrónico: Invalid login: 535 5.7.139 Authentication unsuccessful, the user credentials were incorrect. [CP3P284CA0145.BRAP284.PROD.OUTLOOK.COM 2024-02-28T01:11:19.310Z 08DC364E39E44613]
[2024-02-28T01:11:32.018Z] ERROR: Error al enviar el correo electrónico: Invalid login: 535 5.7.139 Authentication unsuccessful, the user credentials were incorrect. [CP5P284CA0066.BRAP284.PROD.OUTLOOK.COM 2024-02-28T01:11:30.517Z 08DC37672A42F635]
[2024-02-28T01:14:16.333Z] INFO: db online
[2024-02-28T01:14:16.336Z] INFO: Servidor en línea en el puerto 3000
[2024-02-28T01:14:29.103Z] ERROR: Error al enviar el correo electrónico: Invalid login: 535 5.7.139 Authentication unsuccessful, the user credentials were incorrect. [CP0PR80CA0020.lamprd80.prod.outlook.com 2024-02-28T01:14:27.612Z 08DC3653614344A0]
[2024-02-28T01:14:38.079Z] ERROR: Error al enviar el correo electrónico: Invalid login: 535 5.7.139 Authentication unsuccessful, the user credentials were incorrect. [CP5P284CA0209.BRAP284.PROD.OUTLOOK.COM 2024-02-28T01:14:36.587Z 08DC361402191BF5]
[2024-02-28T01:19:51.056Z] INFO: db online
[2024-02-28T01:19:51.058Z] INFO: Servidor en línea en el puerto 3000
[2024-02-28T01:20:00.312Z] ERROR: Error al enviar el correo electrónico: Invalid login: 535 5.7.3 Authentication unsuccessful [CP5P284CA0213.BRAP284.PROD.OUTLOOK.COM 2024-02-28T01:19:58.821Z 08DC35619419A2EF]
[2024-02-28T01:22:45.323Z] INFO: db online
[2024-02-28T01:22:45.325Z] INFO: Servidor en línea en el puerto 3000
[2024-02-28T01:22:52.016Z] INFO: eMail con restablecer contraseña enviado.
[2024-02-28T01:23:44.522Z] INFO: eMail con restablecer contraseña enviado.
[2024-02-28T01:23:44.523Z] INFO: Correcto, se ha cambiado la contraseña
[2024-02-28T01:25:13.539Z] INFO: db online
[2024-02-28T01:25:13.541Z] INFO: Servidor en línea en el puerto 3000
[2024-02-28T01:25:21.935Z] ERROR: Error al enviar el correo electrónico: Message failed: 554 5.2.252 SendAsDenied; testeoCoderHouseLeonardoBenitez@outlook.com.ar not allowed to send as zhijan@outlook.com; STOREDRV.Submission.Exception:SendAsDeniedException.MapiExceptionSendAsDenied; Failed to process message due to a permanent exception with message [BeginDiagnosticData]Cannot submit message. 0.35250:21040000, 1.36674:0A000000, 1.61250:00000000, 1.45378:02000000, 1.44866:3E370000, 1.36674:0E000000, 1.61250:00000000, 1.45378:43370000, 1.44866:4E010000, 16.55847:06140000, 17.43559:0000000024020000000000000000000000000000, 20.52176:140F949C2200001000000000, 20.50032:140F949C9217F01F07000000, 0.53414:14004A67, 0.35180:00000000, 255.23226:09000000, 255.27962:0A000000, 255.27962:0E000000, 255.31418:0A004967, 0.35250:140F949C, 1.36674:0A000000, 1.61250:00000000, 1.45378:02000000, 1.44866:3C000000, 1.36674:32000000, 1.61250:00000000, 1.45378:41000000, 1.44866:01000000, 16.55847:B7000000, 17.43559:00000000B8030000000000000000000000000000, 20.52176:140F949C220070201400FE67, 20.50032:140F949C921710106A040000, 0.53414:0B004536, 0.35180:03004E67, 255.23226:73040000, 255.27962:0A000000, 255.27962:32000000, 255.17082:DC040000, 0.27745:80030400, 4.21921:DC040000, 255.27962:FA000000, 255.1494:0A000910, 0.38698:05000780, 1.41134:47000000, 0.37692:87000000, 0.37948:87000000, 5.33852:00000000534D545000000000, 7.36354:010000000000010974000100, 4.56248:DC040000, 7.40748:010000000000010B02000000, 7.57132:00000000000000009A08A800, 4.39640:DC040000, 1.63016:32000000, 8.45434:000003005771DFD900000000000000003A363537, 1.46798:04000000, 5.10786:0000000031352E32302E373331362E3033343A435035503238344D42323737393A36353762303361312D616136382D343931322D393064372D6134653466396334313537643A31323833323A2E4E455420362E302E32360000000000, 7.51330:09C1F520FC37DC0800000000, 0.39570:12000000, 1.55954:0A000000, 1.33010:0A000000, 2.54258:00000000, 0.40002:00000000, 1.56562:00000000, 1.33010:0A000000, 2.54258:00000000, 0.40002:00000000, 1.56562:00000000, 1.64146:32000000, 1.33010:32000000, 2.54258:DC040000, 1.33010:32000000, 2.54258:DC040000, 255.1750:0300BC3D, 255.31418:E2020000, 0.22753:0A009510, 255.21817:DC040000, 0.64418:E7020000, 4.39842:DC040000, 0.41586:03009B0E, 4.60547:DC040000, 0.21966:0A009610, 4.30158:DC040000[EndDiagnosticData] [Hostname=CP5P284MB2779.BRAP284.PROD.OUTLOOK.COM]
[2024-02-28T01:25:44.905Z] ERROR: Error al enviar el correo electrónico: Message failed: 554 5.2.252 SendAsDenied; testeoCoderHouseLeonardoBenitez@outlook.com.ar not allowed to send as zhijan@outlook.com; STOREDRV.Submission.Exception:SendAsDeniedException.MapiExceptionSendAsDenied; Failed to process message due to a permanent exception with message [BeginDiagnosticData]Cannot submit message. 0.35250:21040000, 1.36674:0A000000, 1.61250:00000000, 1.45378:02000000, 1.44866:3B370000, 1.36674:0E000000, 1.61250:00000000, 1.45378:40370000, 1.44866:4E010000, 16.55847:2E140000, 17.43559:0000000024020000000000000000000000000000, 20.52176:140F949C2200001000000000, 20.50032:140F949C9217F01F07000000, 0.53414:14004A67, 0.35180:00000000, 255.23226:09000000, 255.27962:0A000000, 255.27962:0E000000, 255.31418:0A004967, 0.35250:140F949C, 1.36674:0A000000, 1.61250:00000000, 1.45378:02000000, 1.44866:3C000000, 1.36674:32000000, 1.61250:00000000, 1.45378:41000000, 1.44866:01000000, 16.55847:B7000000, 17.43559:00000000B8030000000000000000000000000000, 20.52176:140F949C220070201400FE67, 20.50032:140F949C921710106A040000, 0.53414:0B004536, 0.35180:03004E67, 255.23226:73040000, 255.27962:0A000000, 255.27962:32000000, 255.17082:DC040000, 0.27745:80030400, 4.21921:DC040000, 255.27962:FA000000, 255.1494:0A000910, 0.38698:47000000, 1.41134:47000000, 0.37692:87000000, 0.37948:87000000, 5.33852:00000000534D545000000000, 7.36354:010000000000010974000100, 4.56248:DC040000, 7.40748:010000000000010B33343A43, 7.57132:00000000000000003A363537, 4.39640:DC040000, 1.63016:32000000, 8.45434:000003005771DFD900000000000000003833323A, 1.46798:04000000, 5.10786:0000000031352E32302E373331362E3033343A435035503238344D42323737393A36353762303361312D616136382D343931322D393064372D6134653466396334313537643A31323833323A2E4E455420362E302E3236000F010480, 7.51330:845BA62EFC37DC080F010480, 0.39570:12000000, 1.55954:0A000000, 1.33010:0A000000, 2.54258:00000000, 0.40002:00000000, 1.56562:00000000, 1.33010:0A000000, 2.54258:00000000, 0.40002:00000000, 1.56562:00000000, 1.64146:32000000, 1.33010:32000000, 2.54258:DC040000, 1.33010:32000000, 2.54258:DC040000, 255.1750:0300BC3D, 255.31418:E2020000, 0.22753:0A009510, 255.21817:DC040000, 0.64418:E7020000, 4.39842:DC040000, 0.41586:03009B0E, 4.60547:DC040000, 0.21966:0A009610, 4.30158:DC040000[EndDiagnosticData] [Hostname=CP5P284MB2779.BRAP284.PROD.OUTLOOK.COM]
[2024-02-28T01:26:15.415Z] INFO: db online
[2024-02-28T01:26:15.417Z] INFO: Servidor en línea en el puerto 3000
[2024-02-28T01:26:20.411Z] ERROR: Error al enviar el correo electrónico: Message failed: 554 5.2.252 SendAsDenied; testeoCoderHouseLeonardoBenitez@outlook.com.ar not allowed to send as zhijan@outlook.com; STOREDRV.Submission.Exception:SendAsDeniedException.MapiExceptionSendAsDenied; Failed to process message due to a permanent exception with message [BeginDiagnosticData]Cannot submit message. 0.35250:21040000, 1.36674:0A000000, 1.61250:00000000, 1.45378:02000000, 1.44866:AD360000, 1.36674:0E000000, 1.61250:00000000, 1.45378:B2360000, 1.44866:4E010000, 16.55847:92130000, 17.43559:0000000024020000000000000000000000000000, 20.52176:140F949C2200001000000000, 20.50032:140F949C9217F01F07000000, 0.53414:14004A67, 0.35180:00000000, 255.23226:09000000, 255.27962:0A000000, 255.27962:0E000000, 255.31418:0A004967, 0.35250:140F949C, 1.36674:0A000000, 1.61250:00000000, 1.45378:02000000, 1.44866:3C000000, 1.36674:32000000, 1.61250:00000000, 1.45378:41000000, 1.44866:01000000, 16.55847:B7000000, 17.43559:00000000B8030000000000000000000000000000, 20.52176:140F949C220070201400FE67, 20.50032:140F949C921710106A040000, 0.53414:0B004536, 0.35180:03004E67, 255.23226:73040000, 255.27962:0A000000, 255.27962:32000000, 255.17082:DC040000, 0.27745:80030400, 4.21921:DC040000, 255.27962:FA000000, 255.1494:0A000910, 0.38698:05000780, 1.41134:47000000, 0.37692:87000000, 0.37948:87000000, 5.33852:00000000534D545000000000, 7.36354:010000000000010974000100, 4.56248:DC040000, 7.40748:010000000000010B00000000, 7.57132:000000000000000000000000, 4.39640:DC040000, 1.63016:32000000, 8.45434:000003005771DFD90000000000000000312D6161, 1.46798:04000000, 5.10786:0000000031352E32302E373331362E3033343A435035503238344D42323737393A36353762303361312D616136382D343931322D393064372D6134653466396334313537643A31323833323A2E4E455420362E302E32360007000000, 7.51330:9B9CD043FC37DC0800000000, 0.39570:00000000, 1.55954:0A000000, 1.33010:0A000000, 2.54258:00000000, 0.40002:00000000, 1.56562:00000000, 1.33010:0A000000, 2.54258:00000000, 0.40002:00000000, 1.56562:00000000, 1.64146:32000000, 1.33010:32000000, 2.54258:DC040000, 1.33010:32000000, 2.54258:DC040000, 255.1750:0300BC3D, 255.31418:E2020000, 0.22753:0A009510, 255.21817:DC040000, 0.64418:E7020000, 4.39842:DC040000, 0.41586:03009B0E, 4.60547:DC040000, 0.21966:0A009610, 4.30158:DC040000[EndDiagnosticData] [Hostname=CP5P284MB2779.BRAP284.PROD.OUTLOOK.COM]
[2024-02-28T01:27:05.089Z] INFO: db online
[2024-02-28T01:27:05.091Z] INFO: Servidor en línea en el puerto 3000
[2024-02-28T01:27:30.509Z] INFO: db online
[2024-02-28T01:27:30.511Z] INFO: Servidor en línea en el puerto 3000
[2024-02-28T01:27:35.414Z] INFO: eMail con restablecer contraseña enviado.
[2024-02-28T01:27:51.458Z] INFO: db online
[2024-02-28T01:27:51.460Z] INFO: Servidor en línea en el puerto 3000
[2024-02-28T01:28:19.703Z] INFO: db online
[2024-02-28T01:28:19.706Z] INFO: Servidor en línea en el puerto 3000
[2024-02-28T01:28:23.916Z] INFO: eMail con restablecer contraseña enviado.
[2024-02-28T01:28:23.918Z] INFO: Correcto, se ha cambiado la contraseña
[2024-02-28T19:21:29.365Z] INFO: db online
[2024-02-28T19:21:29.367Z] INFO: Servidor en línea en el puerto 3000
[2024-02-28T19:21:52.585Z] INFO: eMail con restablecer contraseña enviado.
[2024-02-28T19:21:52.586Z] INFO: Correcto, se ha cambiado la contraseña
[2024-02-28T20:12:30.983Z] INFO: db online
[2024-02-28T20:12:30.985Z] INFO: Servidor en línea en el puerto 3000
[2024-02-28T20:12:42.006Z] ERROR: error, usuario no encontrado
[2024-02-28T20:14:27.601Z] INFO: db online
[2024-02-28T20:14:27.604Z] INFO: Servidor en línea en el puerto 3000
[2024-02-28T20:14:30.343Z] ERROR: error, usuario no encontrado
[2024-02-28T20:14:36.822Z] INFO: db online
[2024-02-28T20:14:36.825Z] INFO: Servidor en línea en el puerto 3000
[2024-02-28T20:14:44.861Z] ERROR: error, usuario no encontrado
[2024-02-28T20:14:56.133Z] INFO: db online
[2024-02-28T20:14:56.136Z] INFO: Servidor en línea en el puerto 3000
[2024-02-28T20:15:00.653Z] ERROR: error, usuario no encontrado
[2024-02-28T20:15:12.205Z] INFO: db online
[2024-02-28T20:15:12.208Z] INFO: Servidor en línea en el puerto 3000
[2024-02-28T20:16:45.940Z] INFO: db online
[2024-02-28T20:16:45.942Z] INFO: Servidor en línea en el puerto 3000
[2024-02-28T20:18:00.419Z] INFO: eMail con restablecer contraseña enviado.
[2024-02-28T20:18:21.473Z] ERROR: error, usuario no encontrado
[2024-02-28T20:18:36.821Z] ERROR: error, usuario no encontrado
[2024-02-28T20:18:59.372Z] INFO: db online
[2024-02-28T20:18:59.374Z] INFO: Servidor en línea en el puerto 3000
[2024-02-28T20:19:02.766Z] ERROR: error, usuario no encontrado
[2024-02-28T20:19:14.194Z] ERROR: error, usuario no encontrado
[2024-02-28T20:19:23.839Z] INFO: db online
[2024-02-28T20:19:23.841Z] INFO: Servidor en línea en el puerto 3000
[2024-02-28T20:19:32.173Z] INFO: db online
[2024-02-28T20:19:32.176Z] INFO: Servidor en línea en el puerto 3000
[2024-02-28T20:19:37.450Z] ERROR: error, usuario no encontrado
[2024-02-28T20:19:52.517Z] ERROR: error, usuario no encontrado
[2024-02-28T20:20:55.478Z] INFO: db online
[2024-02-28T20:20:55.481Z] INFO: Servidor en línea en el puerto 3000
[2024-02-28T20:21:07.241Z] ERROR: error, usuario no encontrado
[2024-02-28T20:21:25.383Z] INFO: db online
[2024-02-28T20:21:25.386Z] INFO: Servidor en línea en el puerto 3000
[2024-02-28T20:21:34.232Z] INFO: db online
[2024-02-28T20:21:34.234Z] INFO: Servidor en línea en el puerto 3000
[2024-02-28T20:21:39.747Z] INFO: db online
[2024-02-28T20:21:39.749Z] INFO: Servidor en línea en el puerto 3000
[2024-02-28T20:21:49.642Z] ERROR: error, usuario no encontrado
[2024-02-28T20:22:06.697Z] INFO: db online
[2024-02-28T20:22:06.699Z] INFO: Servidor en línea en el puerto 3000
[2024-02-28T20:22:52.873Z] INFO: db online
[2024-02-28T20:22:52.875Z] INFO: Servidor en línea en el puerto 3000
[2024-02-28T20:23:01.308Z] ERROR: error, usuario no encontrado
[2024-02-28T20:23:27.165Z] INFO: db online
[2024-02-28T20:23:27.167Z] INFO: Servidor en línea en el puerto 3000
[2024-02-28T20:24:20.115Z] INFO: db online
[2024-02-28T20:24:20.118Z] INFO: Servidor en línea en el puerto 3000
[2024-02-28T20:24:26.858Z] ERROR: error, usuario no encontrado
[2024-02-28T20:24:34.617Z] INFO: db online
[2024-02-28T20:24:34.619Z] INFO: Servidor en línea en el puerto 3000
[2024-02-28T20:26:26.173Z] INFO: db online
[2024-02-28T20:26:26.176Z] INFO: Servidor en línea en el puerto 3000
[2024-02-28T20:26:30.093Z] ERROR: error, usuario no encontrado
[2024-02-28T20:26:51.779Z] INFO: db online
[2024-02-28T20:26:51.781Z] INFO: Servidor en línea en el puerto 3000
[2024-02-28T20:26:57.015Z] ERROR: error, usuario no encontrado
[2024-02-28T20:27:23.045Z] INFO: db online
[2024-02-28T20:27:23.047Z] INFO: Servidor en línea en el puerto 3000
[2024-02-28T20:27:32.954Z] ERROR: error, usuario no encontrado
[2024-02-28T20:28:27.731Z] INFO: db online
[2024-02-28T20:28:27.734Z] INFO: Servidor en línea en el puerto 3000
[2024-02-28T20:28:33.460Z] ERROR: error, usuario no encontrado
[2024-02-28T20:29:00.196Z] INFO: db online
[2024-02-28T20:29:00.199Z] INFO: Servidor en línea en el puerto 3000
[2024-02-28T20:29:07.808Z] ERROR: error, usuario no encontrado
[2024-02-28T20:29:34.111Z] INFO: db online
[2024-02-28T20:29:34.114Z] INFO: Servidor en línea en el puerto 3000
[2024-02-28T20:29:47.503Z] ERROR: error, usuario no encontrado
[2024-02-28T20:30:35.719Z] ERROR: error, usuario no encontrado
[2024-02-28T20:30:45.408Z] INFO: db online
[2024-02-28T20:30:45.410Z] INFO: Servidor en línea en el puerto 3000
[2024-02-28T20:30:50.376Z] INFO: db online
[2024-02-28T20:30:50.379Z] INFO: Servidor en línea en el puerto 3000
[2024-02-28T20:38:33.568Z] INFO: db online
[2024-02-28T20:38:33.571Z] INFO: Servidor en línea en el puerto 3000
[2024-02-28T20:38:49.579Z] INFO: db online
[2024-02-28T20:38:49.581Z] INFO: Servidor en línea en el puerto 3000
[2024-02-28T20:38:57.158Z] ERROR: Error, token expirado o usuario no encontrado
[2024-02-28T20:39:00.681Z] ERROR: Error, token expirado o usuario no encontrado
[2024-02-28T20:39:12.709Z] INFO: eMail con restablecer contraseña enviado.
[2024-02-28T20:39:20.367Z] ERROR: Error, token expirado o usuario no encontrado
[2024-02-28T20:39:39.298Z] INFO: eMail con restablecer contraseña enviado.
[2024-02-28T20:39:48.711Z] ERROR: Error, token expirado o usuario no encontrado
[2024-02-28T20:41:43.235Z] INFO: db online
[2024-02-28T20:41:43.238Z] INFO: Servidor en línea en el puerto 3000
[2024-02-28T20:41:51.398Z] INFO: eMail con restablecer contraseña enviado.
[2024-02-28T20:42:07.886Z] INFO: eMail con restablecer contraseña enviado.
[2024-02-28T20:42:07.888Z] INFO: Correcto, se ha cambiado la contraseña
[2024-02-28T20:42:21.396Z] ERROR: Error, token expirado o usuario no encontrado
[2024-02-28T20:42:52.663Z] ERROR: Error, token expirado o usuario no encontrado
[2024-02-28T20:44:53.993Z] INFO: db online
[2024-02-28T20:44:53.996Z] INFO: Servidor en línea en el puerto 3000
[2024-02-28T20:45:01.699Z] INFO: eMail con restablecer contraseña enviado.
[2024-02-28T20:45:01.701Z] INFO: Correcto, se ha cambiado la contraseña
[2024-02-28T20:45:06.001Z] ERROR: Error, token expirado o usuario no encontrado
[2024-02-28T20:47:30.945Z] INFO: db online
[2024-02-28T20:47:30.947Z] INFO: Servidor en línea en el puerto 3000
[2024-02-28T20:47:37.156Z] ERROR: Error, token expirado o usuario no encontrado
[2024-02-28T20:47:57.763Z] INFO: db online
[2024-02-28T20:47:57.766Z] INFO: Servidor en línea en el puerto 3000
[2024-02-28T20:48:00.335Z] ERROR: Error, token expirado o usuario no encontrado
[2024-02-28T20:48:03.571Z] ERROR: Error, token expirado o usuario no encontrado
[2024-02-28T20:48:57.176Z] ERROR: Error, token expirado o usuario no encontrado
[2024-02-28T21:01:19.184Z] INFO: db online
[2024-02-28T21:01:19.186Z] INFO: Servidor en línea en el puerto 3000
[2024-02-28T21:01:32.717Z] INFO: db online
[2024-02-28T21:01:32.719Z] INFO: Servidor en línea en el puerto 3000
[2024-02-28T21:01:37.209Z] ERROR: Error, la nueva contraseña es la misma que la actual
[2024-02-28T21:01:49.977Z] INFO: eMail con restablecer contraseña enviado.
[2024-02-28T21:01:49.979Z] INFO: Correcto, se ha cambiado la contraseña
[2024-02-28T21:01:53.024Z] ERROR: Error, la nueva contraseña es la misma que la actual
[2024-02-28T21:01:59.466Z] INFO: eMail con restablecer contraseña enviado.
[2024-02-28T21:01:59.467Z] INFO: Correcto, se ha cambiado la contraseña
[2024-02-28T21:02:08.900Z] INFO: db online
[2024-02-28T21:02:08.903Z] INFO: Servidor en línea en el puerto 3000
[2024-02-28T21:02:19.708Z] ERROR: Error, la nueva contraseña es la misma que la actual
[2024-02-28T21:02:39.597Z] INFO: db online
[2024-02-28T21:02:39.600Z] INFO: Servidor en línea en el puerto 3000
[2024-02-28T21:08:50.254Z] INFO: db online
[2024-02-28T21:08:50.256Z] INFO: Servidor en línea en el puerto 3000
[2024-02-28T21:29:07.291Z] INFO: db online
[2024-02-28T21:29:07.293Z] INFO: Servidor en línea en el puerto 3000
[2024-02-28T21:29:13.606Z] INFO: eMail con restablecer contraseña enviado.
[2024-02-28T21:29:13.608Z] INFO: Correcto, se ha cambiado la contraseña
[2024-02-28T21:29:21.244Z] INFO: eMail con restablecer contraseña enviado.
[2024-02-28T21:29:21.246Z] INFO: Correcto, se ha cambiado la contraseña
[2024-02-28T21:29:24.729Z] ERROR: Error, la nueva contraseña es la misma que la actual
[2024-02-28T21:50:03.302Z] INFO: db online
[2024-02-28T21:50:03.304Z] INFO: Servidor en línea en el puerto 3000
[2024-02-28T21:50:17.639Z] INFO: db online
[2024-02-28T21:50:17.641Z] INFO: Servidor en línea en el puerto 3000
[2024-02-28T21:51:50.049Z] INFO: db online
[2024-02-28T21:51:50.052Z] INFO: Servidor en línea en el puerto 3000
[2024-02-28T23:34:48.800Z] INFO: db online
[2024-02-28T23:34:48.803Z] INFO: Servidor en línea en el puerto 3000
[2024-02-29T18:48:16.720Z] INFO: db online
[2024-02-29T18:48:16.722Z] INFO: Servidor en línea en el puerto 3000
[2024-02-29T18:55:43.417Z] INFO: db online
[2024-02-29T18:55:43.419Z] INFO: Servidor en línea en el puerto 3000
[2024-02-29T18:57:38.580Z] INFO: db online
[2024-02-29T18:57:38.582Z] INFO: Servidor en línea en el puerto 3000
[2024-02-29T18:58:00.314Z] INFO: db online
[2024-02-29T18:58:00.316Z] INFO: Servidor en línea en el puerto 3000
[2024-02-29T18:59:23.393Z] INFO: db online
[2024-02-29T18:59:23.395Z] INFO: Servidor en línea en el puerto 3000
[2024-02-29T20:08:43.222Z] INFO: db online
[2024-02-29T20:08:43.225Z] INFO: Servidor en línea en el puerto 3000
[2024-02-29T20:10:44.764Z] INFO: db online
[2024-02-29T20:10:44.767Z] INFO: Servidor en línea en el puerto 3000
[2024-02-29T20:11:53.803Z] INFO: db online
[2024-02-29T20:11:53.805Z] INFO: Servidor en línea en el puerto 3000
[2024-02-29T20:12:20.931Z] INFO: db online
[2024-02-29T20:12:20.934Z] INFO: Servidor en línea en el puerto 3000
[2024-02-29T20:12:49.684Z] INFO: db online
[2024-02-29T20:12:49.686Z] INFO: Servidor en línea en el puerto 3000
[2024-02-29T20:13:19.799Z] INFO: db online
[2024-02-29T20:13:19.801Z] INFO: Servidor en línea en el puerto 3000
[2024-02-29T20:13:32.958Z] INFO: db online
[2024-02-29T20:13:32.960Z] INFO: Servidor en línea en el puerto 3000
[2024-02-29T20:14:54.318Z] INFO: db online
[2024-02-29T20:14:54.320Z] INFO: Servidor en línea en el puerto 3000
[2024-02-29T20:14:59.139Z] INFO: db online
[2024-02-29T20:14:59.141Z] INFO: Servidor en línea en el puerto 3000
[2024-02-29T20:15:52.972Z] INFO: db online
[2024-02-29T20:15:52.975Z] INFO: Servidor en línea en el puerto 3000
[2024-02-29T20:17:02.431Z] INFO: db online
[2024-02-29T20:17:02.433Z] INFO: Servidor en línea en el puerto 3000
[2024-02-29T20:18:38.440Z] INFO: db online
[2024-02-29T20:18:38.443Z] INFO: Servidor en línea en el puerto 3000
[2024-02-29T20:19:16.756Z] INFO: db online
[2024-02-29T20:19:16.759Z] INFO: Servidor en línea en el puerto 3000
[2024-02-29T20:25:17.180Z] INFO: db online
[2024-02-29T20:25:17.183Z] INFO: Servidor en línea en el puerto 3000
[2024-02-29T20:27:35.498Z] INFO: db online
[2024-02-29T20:27:35.501Z] INFO: Servidor en línea en el puerto 3000
[2024-02-29T20:29:01.560Z] INFO: db online
[2024-02-29T20:29:01.562Z] INFO: Servidor en línea en el puerto 3000
[2024-02-29T20:29:37.930Z] INFO: db online
[2024-02-29T20:29:37.933Z] INFO: Servidor en línea en el puerto 3000
[2024-02-29T20:31:18.080Z] INFO: db online
[2024-02-29T20:31:18.082Z] INFO: Servidor en línea en el puerto 3000
[2024-02-29T20:33:04.925Z] INFO: db online
[2024-02-29T20:33:04.927Z] INFO: Servidor en línea en el puerto 3000
[2024-02-29T20:35:47.075Z] INFO: db online
[2024-02-29T20:35:47.077Z] INFO: Servidor en línea en el puerto 3000
[2024-02-29T20:36:32.571Z] INFO: db online
[2024-02-29T20:36:32.573Z] INFO: Servidor en línea en el puerto 3000
[2024-02-29T20:39:26.836Z] INFO: db online
[2024-02-29T20:39:26.838Z] INFO: Servidor en línea en el puerto 3000
[2024-02-29T20:39:43.592Z] INFO: db online
[2024-02-29T20:39:43.594Z] INFO: Servidor en línea en el puerto 3000
[2024-02-29T20:55:06.918Z] INFO: db online
[2024-02-29T20:55:06.921Z] INFO: Servidor en línea en el puerto 3000
[2024-02-29T20:56:02.390Z] INFO: db online
[2024-02-29T20:56:02.393Z] INFO: Servidor en línea en el puerto 3000
[2024-02-29T20:56:19.736Z] INFO: db online
[2024-02-29T20:56:19.738Z] INFO: Servidor en línea en el puerto 3000
[2024-02-29T20:57:54.745Z] INFO: db online
[2024-02-29T20:57:54.748Z] INFO: Servidor en línea en el puerto 3000
[2024-02-29T20:58:14.805Z] INFO: db online
[2024-02-29T20:58:14.808Z] INFO: Servidor en línea en el puerto 3000
[2024-02-29T21:05:29.722Z] INFO: db online
[2024-02-29T21:05:29.725Z] INFO: Servidor en línea en el puerto 3000
[2024-02-29T21:06:26.916Z] INFO: db online
[2024-02-29T21:06:26.919Z] INFO: Servidor en línea en el puerto 3000
[2024-02-29T21:06:51.629Z] INFO: db online
[2024-02-29T21:06:51.632Z] INFO: Servidor en línea en el puerto 3000
[2024-02-29T21:07:03.371Z] INFO: db online
[2024-02-29T21:07:03.373Z] INFO: Servidor en línea en el puerto 3000
[2024-02-29T21:07:16.544Z] INFO: db online
[2024-02-29T21:07:16.546Z] INFO: Servidor en línea en el puerto 3000
[2024-02-29T21:08:17.474Z] INFO: db online
[2024-02-29T21:08:17.476Z] INFO: Servidor en línea en el puerto 3000
[2024-02-29T21:16:50.005Z] INFO: db online
[2024-02-29T21:16:50.007Z] INFO: Servidor en línea en el puerto 3000
[2024-02-29T21:18:18.097Z] INFO: db online
[2024-02-29T21:18:18.099Z] INFO: Servidor en línea en el puerto 3000
[2024-02-29T21:18:45.545Z] INFO: db online
[2024-02-29T21:18:45.547Z] INFO: Servidor en línea en el puerto 3000
[2024-02-29T21:19:27.468Z] INFO: db online
[2024-02-29T21:19:27.470Z] INFO: Servidor en línea en el puerto 3000
[2024-02-29T21:27:00.772Z] INFO: db online
[2024-02-29T21:27:00.775Z] INFO: Servidor en línea en el puerto 3000
[2024-02-29T21:29:43.877Z] INFO: db online
[2024-02-29T21:29:43.879Z] INFO: Servidor en línea en el puerto 3000
[2024-02-29T21:30:22.374Z] INFO: db online
[2024-02-29T21:30:22.376Z] INFO: Servidor en línea en el puerto 3000
[2024-02-29T21:30:43.937Z] INFO: db online
[2024-02-29T21:30:43.939Z] INFO: Servidor en línea en el puerto 3000
[2024-02-29T21:30:59.501Z] INFO: db online
[2024-02-29T21:30:59.503Z] INFO: Servidor en línea en el puerto 3000
[2024-02-29T21:32:44.154Z] INFO: db online
[2024-02-29T21:32:44.156Z] INFO: Servidor en línea en el puerto 3000
[2024-02-29T21:33:26.530Z] INFO: db online
[2024-02-29T21:33:26.532Z] INFO: Servidor en línea en el puerto 3000
[2024-02-29T21:33:57.567Z] INFO: db online
[2024-02-29T21:33:57.570Z] INFO: Servidor en línea en el puerto 3000
[2024-02-29T21:34:07.220Z] INFO: db online
[2024-02-29T21:34:07.222Z] INFO: Servidor en línea en el puerto 3000
[2024-02-29T21:36:00.573Z] INFO: db online
[2024-02-29T21:36:00.576Z] INFO: Servidor en línea en el puerto 3000
[2024-02-29T21:36:30.892Z] INFO: db online
[2024-02-29T21:36:30.894Z] INFO: Servidor en línea en el puerto 3000
[2024-02-29T21:36:37.717Z] INFO: db online
[2024-02-29T21:36:37.719Z] INFO: Servidor en línea en el puerto 3000
[2024-02-29T21:37:14.775Z] INFO: db online
[2024-02-29T21:37:14.777Z] INFO: Servidor en línea en el puerto 3000
[2024-02-29T21:37:57.832Z] INFO: db online
[2024-02-29T21:37:57.834Z] INFO: Servidor en línea en el puerto 3000
[2024-02-29T21:38:04.805Z] INFO: db online
[2024-02-29T21:38:04.807Z] INFO: Servidor en línea en el puerto 3000
[2024-02-29T21:38:23.264Z] INFO: db online
[2024-02-29T21:38:23.266Z] INFO: Servidor en línea en el puerto 3000
[2024-02-29T21:38:31.336Z] INFO: db online
[2024-02-29T21:38:31.338Z] INFO: Servidor en línea en el puerto 3000
[2024-02-29T21:38:47.192Z] INFO: db online
[2024-02-29T21:38:47.194Z] INFO: Servidor en línea en el puerto 3000
[2024-02-29T21:39:32.176Z] INFO: db online
[2024-02-29T21:39:32.179Z] INFO: Servidor en línea en el puerto 3000
